#
# A fatal error has been detected by the Java Runtime Environment:
#
#  EXCEPTION_ACCESS_VIOLATION (0xc0000005) at pc=0x00007ff8662918aa, pid=21852, tid=20956
#
# JRE version: Java(TM) SE Runtime Environment (17.0.3.1+2) (build 17.0.3.1+2-LTS-6)
# Java VM: Java HotSpot(TM) 64-Bit Server VM (17.0.3.1+2-LTS-6, mixed mode, emulated-client, sharing, tiered, compressed oops, compressed class ptrs, g1 gc, windows-amd64)
# Problematic frame:
# V  [jvm.dll+0x6218aa]
#
# No core dump will be written. Minidumps are not enabled by default on client versions of Windows
#
# If you would like to submit a bug report, please visit:
#   https://bugreport.java.com/bugreport/crash.jsp
#

---------------  S U M M A R Y ------------

Command Line: -XX:TieredStopAtLevel=1 -Dspring.output.ansi.enabled=always -Dcom.sun.management.jmxremote -Dspring.jmx.enabled=true -Dspring.liveBeansView.mbeanDomain -Dspring.application.admin.enabled=true -Dmanagement.endpoints.jmx.exposure.include=* -javaagent:C:\Program Files\JetBrains\IntelliJ IDEA 2023.1.3\lib\idea_rt.jar=57781:C:\Program Files\JetBrains\IntelliJ IDEA 2023.1.3\bin -Dfile.encoding=UTF-8 com.example.salonmanage.SemoconectApplication

Host: Intel(R) Core(TM) i5-8250U CPU @ 1.60GHz, 8 cores, 7G,  Windows 11 , 64 bit Build 22621 (10.0.22621.1778)
Time: Tue Jul 11 00:12:50 2023 SE Asia Standard Time elapsed time: 4489.982719 seconds (0d 1h 14m 49s)

---------------  T H R E A D  ---------------

Current thread (0x000002a51ccb0350):  JavaThread "SpringApplicationShutdownHook" [_thread_in_vm, id=20956, stack(0x000000a774000000,0x000000a774100000)]

Stack: [0x000000a774000000,0x000000a774100000],  sp=0x000000a7740fe860,  free space=1018k
Native frames: (J=compiled Java code, j=interpreted, Vv=VM code, C=native code)
V  [jvm.dll+0x6218aa]
V  [jvm.dll+0x37df07]
V  [jvm.dll+0x37bf5a]
C  0x000002a50c72c048

Java frames: (J=compiled Java code, j=interpreted, Vv=VM code)

[error occurred during error reporting (printing Java stack), id 0xc0000005, EXCEPTION_ACCESS_VIOLATION (0xc0000005) at pc=0x00007ff8662951cd]


siginfo: EXCEPTION_ACCESS_VIOLATION (0xc0000005), reading address 0x0000000000000018


Register to memory mapping:

RIP=0x00007ff8662918aa jvm.dll
RAX=0x0000000800746db0 is pointing into metadata
RBX=0x000002a5036b59f0 points into unknown readable memory: 0x000002a51ccb0350 | 50 03 cb 1c a5 02 00 00
RCX=0x0 is NULL
RDX=0x000000a7740fe8b0 is pointing into the stack for thread: 0x000002a51ccb0350
RSP=0x000000a7740fe860 is pointing into the stack for thread: 0x000002a51ccb0350
RBP=0x0000000000000001 is an unknown value
RSI=0x000002a51ccb0350 is a thread
RDI=0x000000a7740fe8b0 is pointing into the stack for thread: 0x000002a51ccb0350
R8 =0x000002a51ccb0350 is a thread
R9 =0x000002a50f720000 points into unknown readable memory: 0x0100050403020100 | 00 01 02 03 04 05 00 01
R10=0x000002a50c720000 points into unknown readable memory: 0x0000000000000006 | 06 00 00 00 00 00 00 00
R11={method} {0x00000008001561a0} 'isAnyLocalAddress' '()Z' in 'java/net/InetAddress'
R12=0x0 is NULL
R13=0x0000000800746de0 is pointing into metadata
R14=0x000000a7740fe9e8 is pointing into the stack for thread: 0x000002a51ccb0350
R15=0x000002a51ccb0350 is a thread


Registers:
RAX=0x0000000800746db0, RBX=0x000002a5036b59f0, RCX=0x0000000000000000, RDX=0x000000a7740fe8b0
RSP=0x000000a7740fe860, RBP=0x0000000000000001, RSI=0x000002a51ccb0350, RDI=0x000000a7740fe8b0
R8 =0x000002a51ccb0350, R9 =0x000002a50f720000, R10=0x000002a50c720000, R11=0x0000000800156198
R12=0x0000000000000000, R13=0x0000000800746de0, R14=0x000000a7740fe9e8, R15=0x000002a51ccb0350
RIP=0x00007ff8662918aa, EFLAGS=0x0000000000010246

Top of Stack: (sp=0x000000a7740fe860)
0x000000a7740fe860:   000002a51ccb0350 000002a51b169186
0x000000a7740fe870:   000002a5036b59f0 000002a51ccb0350
0x000000a7740fe880:   0000000000000000 00007ff865fedf07
0x000000a7740fe890:   000002a51ccb0350 0000000000000000
0x000000a7740fe8a0:   000000007e75fe2d 0000000000000000
0x000000a7740fe8b0:   0000000800153540 000002a51ccb0350
0x000000a7740fe8c0:   000000a7740fe998 000002a50c72bfef
0x000000a7740fe8d0:   000002a50c728e10 00007ff800000000
0x000000a7740fe8e0:   000000a7740fe9e0 000000a7740fe998
0x000000a7740fe8f0:   000000a7740fe998 000002a50c72bfef
0x000000a7740fe900:   000002a50c728e10 00007ff800000000
0x000000a7740fe910:   000000a7740fe9e0 000000a7740fe998
0x000000a7740fe920:   000002a51ccb0350 00007ff865febf5a
0x000000a7740fe930:   000002a51ccb0350 0000000800451300
0x000000a7740fe940:   0000000000000000 0000000000000001
0x000000a7740fe950:   000002a517853600 0000000000000000 

Instructions: (pc=0x00007ff8662918aa)
0x00007ff8662917aa:   32 b0 0c 00 48 8b 5c 24 40 48 8b 74 24 48 48 83
0x00007ff8662917ba:   c4 30 5f c3 cc cc 4c 8b 41 18 48 8b 51 10 4d 85
0x00007ff8662917ca:   c0 74 07 41 f6 40 0c 01 75 0e 48 85 d2 74 0f f6
0x00007ff8662917da:   82 d0 00 00 00 01 74 06 b8 00 00 00 40 c3 33 c0
0x00007ff8662917ea:   4d 85 c0 74 08 41 8b 48 0c d1 e9 eb 02 8b c8 48
0x00007ff8662917fa:   85 d2 74 08 8b 82 d0 00 00 00 d1 e8 03 c1 c3 cc
0x00007ff86629180a:   cc cc cc cc cc cc 8b 41 28 c1 e8 08 a8 01 74 08
0x00007ff86629181a:   48 85 d2 75 03 33 c0 c3 2b 51 08 8d 42 d0 c3 cc
0x00007ff86629182a:   cc cc cc cc cc cc 48 8b 41 08 48 83 c0 30 48 63
0x00007ff86629183a:   d2 48 03 c2 c3 cc 8b 41 28 c1 e8 08 a8 01 74 0e
0x00007ff86629184a:   48 85 d2 75 09 48 8b 41 08 48 83 c0 30 c3 48 8b
0x00007ff86629185a:   c2 c3 cc cc cc cc 48 89 74 24 10 57 48 83 ec 20
0x00007ff86629186a:   80 3d c1 e7 4b 00 00 48 8b f2 48 8b f9 75 72 48
0x00007ff86629187a:   89 5c 24 30 48 8b 1d 4b dd 4d 00 48 85 db 74 08
0x00007ff86629188a:   48 8b cb e8 ae 10 02 00 48 8b 07 48 83 78 10 00
0x00007ff86629189a:   75 3d 48 8b 40 08 4c 8b c6 48 8b d7 48 8b 48 08
0x00007ff8662918aa:   48 8b 41 18 48 8b 88 98 00 00 00 e8 a6 71 00 00
0x00007ff8662918ba:   48 83 7e 08 00 48 8b c8 74 0e e8 07 3a c0 ff c6
0x00007ff8662918ca:   05 62 e7 4b 00 01 eb 07 48 8b 07 48 89 48 10 48
0x00007ff8662918da:   85 db 74 08 48 8b cb e8 1a 14 02 00 48 8b 5c 24
0x00007ff8662918ea:   30 48 8b 74 24 38 48 83 c4 20 5f c3 cc cc cc cc
0x00007ff8662918fa:   cc cc cc cc cc cc 41 56 48 83 ec 40 80 3d 25 e7
0x00007ff86629190a:   4b 00 00 4c 8b f1 74 09 33 c0 48 83 c4 40 41 5e
0x00007ff86629191a:   c3 48 89 5c 24 50 4c 89 7c 24 30 48 89 54 24 20
0x00007ff86629192a:   4c 89 74 24 28 48 85 d2 74 16 48 8b 89 40 02 00
0x00007ff86629193a:   00 48 89 54 24 60 48 8d 54 24 60 e8 b6 90 9e ff
0x00007ff86629194a:   49 8b 06 49 8b ce ff 50 38 48 8d 4c 24 20 84 c0
0x00007ff86629195a:   74 1c 49 8b d6 e8 bc 6c 00 00 49 83 7e 08 00 4c
0x00007ff86629196a:   8b f8 74 12 49 8b ce e8 5a 88 c9 ff eb 08 e8 53
0x00007ff86629197a:   6c 00 00 4c 8b f8 4d 85 ff 75 13 e8 46 39 c0 ff
0x00007ff86629198a:   33 db c6 05 9f e6 4b 00 01 e9 8c 00 00 00 48 8b
0x00007ff86629199a:   4c 24 20 33 c0 f0 4c 0f b1 79 18 74 5e 48 8b 44 


Stack slot to memory mapping:
stack at sp + 0 slots: 0x000002a51ccb0350 is a thread
stack at sp + 1 slots: 0x000002a51b169186 is pointing into metadata
stack at sp + 2 slots: 0x000002a5036b59f0 points into unknown readable memory: 0x000002a51ccb0350 | 50 03 cb 1c a5 02 00 00
stack at sp + 3 slots: 0x000002a51ccb0350 is a thread
stack at sp + 4 slots: 0x0 is NULL
stack at sp + 5 slots: 0x00007ff865fedf07 jvm.dll
stack at sp + 6 slots: 0x000002a51ccb0350 is a thread
stack at sp + 7 slots: 0x0 is NULL


---------------  P R O C E S S  ---------------

Threads class SMR info:
_java_thread_list=0x000002a51cdb8190, length=33, elements={
0x000002a5175b0520, 0x000002a5175b0fe0, 0x000002a5175c32b0, 0x000002a5175c6080,
0x000002a5175c7950, 0x000002a5175c8210, 0x000002a5175ca600, 0x000002a5175d4da0,
0x000002a518083060, 0x000002a5183fc0f0, 0x000002a5183fc5c0, 0x000002a5186ebf80,
0x000002a51864b840, 0x000002a519d613d0, 0x000002a519d618a0, 0x000002a5185b90e0,
0x000002a5185b78d0, 0x000002a5185b7400, 0x000002a5185b6a60, 0x000002a5185b95b0,
0x000002a5185b6f30, 0x000002a5185b9a80, 0x000002a5185b6590, 0x000002a5185b8740,
0x000002a5185b8c10, 0x000002a5185b60c0, 0x000002a51ccadcd0, 0x000002a51ccad330,
0x000002a51ccb29d0, 0x000002a51ccb3840, 0x000002a51ccad800, 0x000002a51ccae1a0,
0x000002a51ccb0350
}

Java Threads: ( => current thread )
  0x000002a5175b0520 JavaThread "Reference Handler" daemon [_thread_blocked, id=16772, stack(0x000000a774900000,0x000000a774a00000)]
  0x000002a5175b0fe0 JavaThread "Finalizer" daemon [_thread_blocked, id=13116, stack(0x000000a774a00000,0x000000a774b00000)]
  0x000002a5175c32b0 JavaThread "Signal Dispatcher" daemon [_thread_blocked, id=24452, stack(0x000000a774b00000,0x000000a774c00000)]
  0x000002a5175c6080 JavaThread "Attach Listener" daemon [_thread_blocked, id=7932, stack(0x000000a774c00000,0x000000a774d00000)]
  0x000002a5175c7950 JavaThread "Service Thread" daemon [_thread_blocked, id=19140, stack(0x000000a774d00000,0x000000a774e00000)]
  0x000002a5175c8210 JavaThread "Monitor Deflation Thread" daemon [_thread_blocked, id=16216, stack(0x000000a774e00000,0x000000a774f00000)]
  0x000002a5175ca600 JavaThread "C1 CompilerThread0" daemon [_thread_blocked, id=22464, stack(0x000000a774f00000,0x000000a775000000)]
  0x000002a5175d4da0 JavaThread "Sweeper thread" daemon [_thread_blocked, id=19956, stack(0x000000a775000000,0x000000a775100000)]
  0x000002a518083060 JavaThread "Common-Cleaner" daemon [_thread_blocked, id=5616, stack(0x000000a775100000,0x000000a775200000)]
  0x000002a5183fc0f0 JavaThread "Monitor Ctrl-Break" daemon [_thread_in_native, id=26240, stack(0x000000a775500000,0x000000a775600000)]
  0x000002a5183fc5c0 JavaThread "Notification Thread" daemon [_thread_blocked, id=17912, stack(0x000000a775600000,0x000000a775700000)]
  0x000002a5186ebf80 JavaThread "RMI TCP Accept-0" daemon [_thread_in_native, id=18392, stack(0x000000a775700000,0x000000a775800000)]
  0x000002a51864b840 JavaThread "Catalina-utility-1" [_thread_blocked, id=25684, stack(0x000000a775400000,0x000000a775500000)]
  0x000002a519d613d0 JavaThread "Catalina-utility-2" [_thread_blocked, id=15564, stack(0x000000a776400000,0x000000a776500000)]
  0x000002a519d618a0 JavaThread "container-0" [_thread_blocked, id=25960, stack(0x000000a776500000,0x000000a776600000)]
  0x000002a5185b90e0 JavaThread "HikariPool-1 housekeeper" daemon [_thread_blocked, id=16408, stack(0x000000a776700000,0x000000a776800000)]
  0x000002a5185b78d0 JavaThread "File Watcher" daemon [_thread_blocked, id=17392, stack(0x000000a776800000,0x000000a776900000)]
  0x000002a5185b7400 JavaThread "Live Reload Server" daemon [_thread_in_native, id=4312, stack(0x000000a776a00000,0x000000a776b00000)]
  0x000002a5185b6a60 JavaThread "http-nio-8080-exec-1" daemon [_thread_blocked, id=27004, stack(0x000000a776900000,0x000000a776a00000)]
  0x000002a5185b95b0 JavaThread "http-nio-8080-exec-2" daemon [_thread_blocked, id=23916, stack(0x000000a776b00000,0x000000a776c00000)]
  0x000002a5185b6f30 JavaThread "http-nio-8080-exec-3" daemon [_thread_blocked, id=20456, stack(0x000000a776c00000,0x000000a776d00000)]
  0x000002a5185b9a80 JavaThread "http-nio-8080-exec-4" daemon [_thread_blocked, id=10836, stack(0x000000a776d00000,0x000000a776e00000)]
  0x000002a5185b6590 JavaThread "http-nio-8080-exec-5" daemon [_thread_blocked, id=10932, stack(0x000000a776e00000,0x000000a776f00000)]
  0x000002a5185b8740 JavaThread "http-nio-8080-exec-6" daemon [_thread_blocked, id=20184, stack(0x000000a776f00000,0x000000a777000000)]
  0x000002a5185b8c10 JavaThread "http-nio-8080-exec-7" daemon [_thread_blocked, id=21788, stack(0x000000a777000000,0x000000a777100000)]
  0x000002a5185b60c0 JavaThread "http-nio-8080-exec-8" daemon [_thread_blocked, id=23912, stack(0x000000a777100000,0x000000a777200000)]
  0x000002a51ccadcd0 JavaThread "http-nio-8080-exec-9" daemon [_thread_blocked, id=18160, stack(0x000000a777200000,0x000000a777300000)]
  0x000002a51ccad330 JavaThread "http-nio-8080-exec-10" daemon [_thread_blocked, id=21992, stack(0x000000a777300000,0x000000a777400000)]
  0x000002a51ccb29d0 JavaThread "http-nio-8080-Poller" daemon [_thread_in_native, id=18668, stack(0x000000a777400000,0x000000a777500000)]
  0x000002a51ccb3840 JavaThread "http-nio-8080-Acceptor" daemon [_thread_in_native, id=20256, stack(0x000000a777500000,0x000000a777600000)]
  0x000002a51ccad800 JavaThread "DestroyJavaVM" [_thread_blocked, id=24440, stack(0x000000a774200000,0x000000a774300000)]
  0x000002a51ccae1a0 JavaThread "SIGINT handler" daemon [_thread_blocked, id=24036, stack(0x000000a773f00000,0x000000a774000000)]
=>0x000002a51ccb0350 JavaThread "SpringApplicationShutdownHook" [_thread_in_vm, id=20956, stack(0x000000a774000000,0x000000a774100000)]

Other Threads:
  0x000002a5175acb80 VMThread "VM Thread" [stack: 0x000000a774800000,0x000000a774900000] [id=23200] _threads_hazard_ptr=0x000002a51cdb8190
  0x000002a5037305c0 WatcherThread [stack: 0x000000a775800000,0x000000a775900000] [id=17084]
  0x000002a503713540 GCTaskThread "GC Thread#0" [stack: 0x000000a774300000,0x000000a774400000] [id=17112]
  0x000002a5188bae30 GCTaskThread "GC Thread#1" [stack: 0x000000a775900000,0x000000a775a00000] [id=8928]
  0x000002a5188bab80 GCTaskThread "GC Thread#2" [stack: 0x000000a775a00000,0x000000a775b00000] [id=5792]
  0x000002a5188ba620 GCTaskThread "GC Thread#3" [stack: 0x000000a775b00000,0x000000a775c00000] [id=3144]
  0x000002a5188ba0c0 GCTaskThread "GC Thread#4" [stack: 0x000000a775c00000,0x000000a775d00000] [id=7408]
  0x000002a5188ba370 GCTaskThread "GC Thread#5" [stack: 0x000000a775d00000,0x000000a775e00000] [id=644]
  0x000002a5188ba8d0 GCTaskThread "GC Thread#6" [stack: 0x000000a775e00000,0x000000a775f00000] [id=13600]
  0x000002a5188bb0e0 GCTaskThread "GC Thread#7" [stack: 0x000000a775f00000,0x000000a776000000] [id=16920]
  0x000002a503724130 ConcurrentGCThread "G1 Main Marker" [stack: 0x000000a774400000,0x000000a774500000] [id=24032]
  0x000002a5037251f0 ConcurrentGCThread "G1 Conc#0" [stack: 0x000000a774500000,0x000000a774600000] [id=26064]
  0x000002a519f0b810 ConcurrentGCThread "G1 Conc#1" [stack: 0x000000a776300000,0x000000a776400000] [id=6320]
  0x000002a5174634d0 ConcurrentGCThread "G1 Refine#0" [stack: 0x000000a774600000,0x000000a774700000] [id=17224]
  0x000002a51824ab60 ConcurrentGCThread "G1 Refine#1" [stack: 0x000000a776000000,0x000000a776100000] [id=26132]
  0x000002a517463ca0 ConcurrentGCThread "G1 Service" [stack: 0x000000a774700000,0x000000a774800000] [id=6736]

Threads with active compile tasks:

VM state: synchronizing (normal execution)

VM Mutex/Monitor currently owned by a thread:  ([mutex/lock_event])
[0x000002a5036b4fd0] Threads_lock - owner thread: 0x000002a5175acb80
[0x000002a5036b59f0] MethodData_lock - owner thread: 0x000002a51ccb0350

Heap address: 0x0000000081e00000, size: 2018 MB, Compressed Oops mode: 32-bit

CDS archive(s) mapped at: [0x0000000800000000-0x0000000800bc0000-0x0000000800bc0000), size 12320768, SharedBaseAddress: 0x0000000800000000, ArchiveRelocationMode: 0.
Compressed class space mapped at: 0x0000000800c00000-0x0000000840c00000, reserved size: 1073741824
Narrow klass base: 0x0000000800000000, Narrow klass shift: 0, Narrow klass range: 0x100000000

GC Precious Log:
 CPUs: 8 total, 8 available
 Memory: 8070M
 Large Page Support: Disabled
 NUMA Support: Disabled
 Compressed Oops: Enabled (32-bit)
 Heap Region Size: 1M
 Heap Min Capacity: 8M
 Heap Initial Capacity: 128M
 Heap Max Capacity: 2018M
 Pre-touch: Disabled
 Parallel Workers: 8
 Concurrent Workers: 2
 Concurrent Refinement Workers: 8
 Periodic GC: Disabled

Heap:
 garbage-first heap   total 51200K, used 26562K [0x0000000081e00000, 0x0000000100000000)
  region size 1024K, 4 young (4096K), 1 survivors (1024K)
 Metaspace       used 58062K, committed 58880K, reserved 1105920K
  class space    used 8225K, committed 8576K, reserved 1048576K

Heap Regions: E=young(eden), S=young(survivor), O=old, HS=humongous(starts), HC=humongous(continues), CS=collection set, F=free, OA=open archive, CA=closed archive, TAMS=top-at-mark-start (previous, next)
|   0|0x0000000081e00000, 0x0000000081f00000, 0x0000000081f00000|100%|HS|  |TAMS 0x0000000081f00000, 0x0000000081e00000| Complete 
|   1|0x0000000081f00000, 0x0000000082000000, 0x0000000082000000|100%| O|  |TAMS 0x0000000082000000, 0x0000000081f00000| Untracked 
|   2|0x0000000082000000, 0x0000000082100000, 0x0000000082100000|100%| O|  |TAMS 0x0000000082100000, 0x0000000082000000| Untracked 
|   3|0x0000000082100000, 0x0000000082200000, 0x0000000082200000|100%| O|  |TAMS 0x0000000082200000, 0x0000000082100000| Untracked 
|   4|0x0000000082200000, 0x0000000082300000, 0x0000000082300000|100%| O|  |TAMS 0x0000000082300000, 0x0000000082200000| Untracked 
|   5|0x0000000082300000, 0x0000000082400000, 0x0000000082400000|100%| O|  |TAMS 0x000000008239e000, 0x0000000082300000| Untracked 
|   6|0x0000000082400000, 0x0000000082500000, 0x0000000082500000|100%| O|  |TAMS 0x0000000082500000, 0x0000000082400000| Untracked 
|   7|0x0000000082500000, 0x0000000082600000, 0x0000000082600000|100%| O|  |TAMS 0x0000000082500000, 0x0000000082500000| Untracked 
|   8|0x0000000082600000, 0x0000000082700000, 0x0000000082700000|100%| O|  |TAMS 0x0000000082700000, 0x0000000082600000| Untracked 
|   9|0x0000000082700000, 0x0000000082800000, 0x0000000082800000|100%| O|  |TAMS 0x0000000082800000, 0x0000000082700000| Untracked 
|  10|0x0000000082800000, 0x0000000082900000, 0x0000000082900000|100%| O|  |TAMS 0x0000000082800000, 0x0000000082800000| Untracked 
|  11|0x0000000082900000, 0x00000000829ec800, 0x0000000082a00000| 92%| O|  |TAMS 0x0000000082900000, 0x0000000082900000| Untracked 
|  12|0x0000000082a00000, 0x0000000082b00000, 0x0000000082b00000|100%| O|  |TAMS 0x0000000082b00000, 0x0000000082a00000| Untracked 
|  13|0x0000000082b00000, 0x0000000082b00000, 0x0000000082c00000|  0%| F|  |TAMS 0x0000000082b00000, 0x0000000082b00000| Untracked 
|  14|0x0000000082c00000, 0x0000000082c00000, 0x0000000082d00000|  0%| F|  |TAMS 0x0000000082c00000, 0x0000000082c00000| Untracked 
|  15|0x0000000082d00000, 0x0000000082e00000, 0x0000000082e00000|100%| O|  |TAMS 0x0000000082e00000, 0x0000000082d00000| Untracked 
|  16|0x0000000082e00000, 0x0000000082f00000, 0x0000000082f00000|100%| O|  |TAMS 0x0000000082f00000, 0x0000000082e00000| Untracked 
|  17|0x0000000082f00000, 0x0000000082f00000, 0x0000000083000000|  0%| F|  |TAMS 0x0000000082f00000, 0x0000000082f00000| Untracked 
|  18|0x0000000083000000, 0x0000000083100000, 0x0000000083100000|100%| O|  |TAMS 0x0000000083100000, 0x0000000083000000| Untracked 
|  19|0x0000000083100000, 0x0000000083200000, 0x0000000083200000|100%| O|  |TAMS 0x0000000083200000, 0x0000000083100000| Untracked 
|  20|0x0000000083200000, 0x0000000083300000, 0x0000000083300000|100%| O|  |TAMS 0x0000000083300000, 0x0000000083200000| Untracked 
|  21|0x0000000083300000, 0x0000000083400000, 0x0000000083400000|100%| O|  |TAMS 0x0000000083400000, 0x0000000083300000| Untracked 
|  22|0x0000000083400000, 0x0000000083400000, 0x0000000083500000|  0%| F|  |TAMS 0x0000000083400000, 0x0000000083400000| Untracked 
|  23|0x0000000083500000, 0x0000000083500000, 0x0000000083600000|  0%| F|  |TAMS 0x0000000083500000, 0x0000000083500000| Untracked 
|  24|0x0000000083600000, 0x0000000083700000, 0x0000000083700000|100%| O|  |TAMS 0x0000000083700000, 0x0000000083600000| Untracked 
|  25|0x0000000083700000, 0x0000000083700000, 0x0000000083800000|  0%| F|  |TAMS 0x0000000083700000, 0x0000000083700000| Untracked 
|  26|0x0000000083800000, 0x0000000083900000, 0x0000000083900000|100%| O|  |TAMS 0x0000000083900000, 0x0000000083800000| Untracked 
|  27|0x0000000083900000, 0x0000000083a00000, 0x0000000083a00000|100%| O|  |TAMS 0x0000000083a00000, 0x0000000083900000| Untracked 
|  28|0x0000000083a00000, 0x0000000083b00000, 0x0000000083b00000|100%| O|  |TAMS 0x0000000083b00000, 0x0000000083a00000| Untracked 
|  29|0x0000000083b00000, 0x0000000083c00000, 0x0000000083c00000|100%| O|  |TAMS 0x0000000083c00000, 0x0000000083b00000| Untracked 
|  30|0x0000000083c00000, 0x0000000083c00000, 0x0000000083d00000|  0%| F|  |TAMS 0x0000000083c00000, 0x0000000083c00000| Untracked 
|  31|0x0000000083d00000, 0x0000000083d00000, 0x0000000083e00000|  0%| F|  |TAMS 0x0000000083d00000, 0x0000000083d00000| Untracked 
|  32|0x0000000083e00000, 0x0000000083e00000, 0x0000000083f00000|  0%| F|  |TAMS 0x0000000083e00000, 0x0000000083e00000| Untracked 
|  33|0x0000000083f00000, 0x0000000083f00000, 0x0000000084000000|  0%| F|  |TAMS 0x0000000083f00000, 0x0000000083f00000| Untracked 
|  34|0x0000000084000000, 0x0000000084000000, 0x0000000084100000|  0%| F|  |TAMS 0x0000000084000000, 0x0000000084000000| Untracked 
|  35|0x0000000084100000, 0x0000000084100000, 0x0000000084200000|  0%| F|  |TAMS 0x0000000084100000, 0x0000000084100000| Untracked 
|  36|0x0000000084200000, 0x0000000084200000, 0x0000000084300000|  0%| F|  |TAMS 0x0000000084200000, 0x0000000084200000| Untracked 
|  37|0x0000000084300000, 0x0000000084300000, 0x0000000084400000|  0%| F|  |TAMS 0x0000000084300000, 0x0000000084300000| Untracked 
|  38|0x0000000084400000, 0x0000000084400000, 0x0000000084500000|  0%| F|  |TAMS 0x0000000084400000, 0x0000000084400000| Untracked 
|  39|0x0000000084500000, 0x0000000084500000, 0x0000000084600000|  0%| F|  |TAMS 0x0000000084500000, 0x0000000084500000| Untracked 
|  40|0x0000000084600000, 0x0000000084600000, 0x0000000084700000|  0%| F|  |TAMS 0x0000000084600000, 0x0000000084600000| Untracked 
|  41|0x0000000084700000, 0x0000000084700000, 0x0000000084800000|  0%| F|  |TAMS 0x0000000084700000, 0x0000000084700000| Untracked 
|  42|0x0000000084800000, 0x0000000084800000, 0x0000000084900000|  0%| F|  |TAMS 0x0000000084800000, 0x0000000084800000| Untracked 
|  58|0x0000000085800000, 0x0000000085800000, 0x0000000085900000|  0%| F|  |TAMS 0x0000000085800000, 0x0000000085800000| Untracked 
|  59|0x0000000085900000, 0x0000000085900000, 0x0000000085a00000|  0%| F|  |TAMS 0x0000000085900000, 0x0000000085900000| Untracked 
|  60|0x0000000085a00000, 0x0000000085a00000, 0x0000000085b00000|  0%| F|  |TAMS 0x0000000085a00000, 0x0000000085a00000| Untracked 
|  61|0x0000000085b00000, 0x0000000085b3acb8, 0x0000000085c00000| 22%| E|  |TAMS 0x0000000085b00000, 0x0000000085b00000| Complete 
|  62|0x0000000085c00000, 0x0000000085d00000, 0x0000000085d00000|100%| E|CS|TAMS 0x0000000085c00000, 0x0000000085c00000| Complete 
|  63|0x0000000085d00000, 0x0000000085d04200, 0x0000000085e00000|  1%| S|CS|TAMS 0x0000000085d00000, 0x0000000085d00000| Complete 
| 127|0x0000000089d00000, 0x0000000089e00000, 0x0000000089e00000|100%| E|CS|TAMS 0x0000000089d00000, 0x0000000089d00000| Complete 

Card table byte_map: [0x000002a510400000,0x000002a510800000] _byte_map_base: 0x000002a50fff1000

Marking Bits (Prev, Next): (CMBitMap*) 0x000002a503713aa0, (CMBitMap*) 0x000002a503713a60
 Prev Bits: [0x000002a512b90000, 0x000002a514b18000)
 Next Bits: [0x000002a510c00000, 0x000002a512b88000)

Polling page: 0x000002a503780000

Metaspace:

Usage:
  Non-class:     48.67 MB used.
      Class:      8.03 MB used.
       Both:     56.70 MB used.

Virtual space:
  Non-class space:       56.00 MB reserved,      49.12 MB ( 88%) committed,  7 nodes.
      Class space:        1.00 GB reserved,       8.38 MB ( <1%) committed,  1 nodes.
             Both:        1.05 GB reserved,      57.50 MB (  5%) committed. 

Chunk freelists:
   Non-Class:  3.01 MB
       Class:  3.60 MB
        Both:  6.61 MB

MaxMetaspaceSize: unlimited
CompressedClassSpaceSize: 1.00 GB
Initial GC threshold: 21.00 MB
Current GC threshold: 95.88 MB
CDS: on
MetaspaceReclaimPolicy: balanced
 - commit_granule_bytes: 65536.
 - commit_granule_words: 8192.
 - virtual_space_node_default_size: 1048576.
 - enlarge_chunks_in_place: 1.
 - new_chunks_are_fully_committed: 0.
 - uncommit_free_chunks: 1.
 - use_allocation_guard: 0.
 - handle_deallocations: 1.


Internal statistics:

num_allocs_failed_limit: 6.
num_arena_births: 698.
num_arena_deaths: 244.
num_vsnodes_births: 8.
num_vsnodes_deaths: 0.
num_space_committed: 920.
num_space_uncommitted: 0.
num_chunks_returned_to_freelist: 278.
num_chunks_taken_from_freelist: 2656.
num_chunk_merges: 90.
num_chunk_splits: 1945.
num_chunks_enlarged: 1541.
num_purges: 2.
num_inconsistent_stats: 0.

CodeCache: size=49152Kb used=9351Kb max_used=9351Kb free=39800Kb
 bounds [0x000002a50c720000, 0x000002a50d050000, 0x000002a50f720000]
 total_blobs=5844 nmethods=5179 adapters=592
 compilation: enabled
              stopped_count=0, restarted_count=0
 full_count=0

Compilation events (20 events):
Event: 3795.826 Thread 0x000002a5175ca600 5172       1       com.zaxxer.hikari.HikariConfig::getConnectionTimeout (5 bytes)
Event: 3795.826 Thread 0x000002a5175ca600 nmethod 5172 0x000002a50d03f290 code [0x000002a50d03f420, 0x000002a50d03f4f8]
Event: 3795.826 Thread 0x000002a5175ca600 5173       1       com.zaxxer.hikari.HikariConfig::getValidationTimeout (5 bytes)
Event: 3795.827 Thread 0x000002a5175ca600 nmethod 5173 0x000002a50d03f590 code [0x000002a50d03f720, 0x000002a50d03f7f8]
Event: 3795.827 Thread 0x000002a5175ca600 5174       1       com.zaxxer.hikari.HikariConfig::getLeakDetectionThreshold (5 bytes)
Event: 3795.827 Thread 0x000002a5175ca600 nmethod 5174 0x000002a50d03f890 code [0x000002a50d03fa20, 0x000002a50d03faf8]
Event: 3795.827 Thread 0x000002a5175ca600 5175       1       com.zaxxer.hikari.HikariConfig::getCatalog (5 bytes)
Event: 3795.827 Thread 0x000002a5175ca600 nmethod 5175 0x000002a50d03fb90 code [0x000002a50d03fd20, 0x000002a50d03fdf8]
Event: 3825.834 Thread 0x000002a5175ca600 5176       1       com.zaxxer.hikari.pool.ProxyLeakTaskFactory::updateLeakDetectionThreshold (6 bytes)
Event: 3825.835 Thread 0x000002a5175ca600 nmethod 5176 0x000002a50d03fe90 code [0x000002a50d040020, 0x000002a50d0400f8]
Event: 3825.835 Thread 0x000002a5175ca600 5177       1       com.zaxxer.hikari.HikariConfig::getIdleTimeout (5 bytes)
Event: 3825.835 Thread 0x000002a5175ca600 nmethod 5177 0x000002a50d040190 code [0x000002a50d040320, 0x000002a50d0403f8]
Event: 3852.730 Thread 0x000002a5175ca600 5178       1       org.apache.tomcat.util.collections.ManagedConcurrentWeakHashMap::maintain (44 bytes)
Event: 3852.734 Thread 0x000002a5175ca600 nmethod 5178 0x000002a50d040490 code [0x000002a50d040640, 0x000002a50d0408f8]
Event: 3852.734 Thread 0x000002a5175ca600 5179       1       org.apache.catalina.core.StandardWrapper::backgroundProcess (38 bytes)
Event: 3852.741 Thread 0x000002a5175ca600 nmethod 5179 0x000002a50d040a90 code [0x000002a50d040c40, 0x000002a50d040e58]
Event: 4488.647 Thread 0x000002a5175ca600 5180   !   1       java.util.logging.LogManager$LoggerContext::findLogger (113 bytes)
Event: 4488.656 Thread 0x000002a5175ca600 nmethod 5180 0x000002a50d040f90 code [0x000002a50d0411c0, 0x000002a50d041748]
Event: 4488.657 Thread 0x000002a5175ca600 5181       1       java.util.logging.LogManager::checkPermission (16 bytes)
Event: 4488.658 Thread 0x000002a5175ca600 nmethod 5181 0x000002a50d041b90 code [0x000002a50d041d20, 0x000002a50d041e28]

GC Heap History (20 events):
Event: 20.792 GC heap before
{Heap before GC invocations=13 (full 0):
 garbage-first heap   total 51200K, used 40834K [0x0000000081e00000, 0x0000000100000000)
  region size 1024K, 19 young (19456K), 2 survivors (2048K)
 Metaspace       used 55679K, committed 56256K, reserved 1097728K
  class space    used 7854K, committed 8128K, reserved 1048576K
}
Event: 20.798 GC heap after
{Heap after GC invocations=14 (full 0):
 garbage-first heap   total 51200K, used 24501K [0x0000000081e00000, 0x0000000100000000)
  region size 1024K, 3 young (3072K), 3 survivors (3072K)
 Metaspace       used 55679K, committed 56256K, reserved 1097728K
  class space    used 7854K, committed 8128K, reserved 1048576K
}
Event: 21.663 GC heap before
{Heap before GC invocations=14 (full 0):
 garbage-first heap   total 51200K, used 40885K [0x0000000081e00000, 0x0000000100000000)
  region size 1024K, 19 young (19456K), 3 survivors (3072K)
 Metaspace       used 57548K, committed 58048K, reserved 1105920K
  class space    used 8121K, committed 8384K, reserved 1048576K
}
Event: 21.667 GC heap after
{Heap after GC invocations=15 (full 0):
 garbage-first heap   total 51200K, used 26151K [0x0000000081e00000, 0x0000000100000000)
  region size 1024K, 3 young (3072K), 3 survivors (3072K)
 Metaspace       used 57548K, committed 58048K, reserved 1105920K
  class space    used 8121K, committed 8384K, reserved 1048576K
}
Event: 434.276 GC heap before
{Heap before GC invocations=16 (full 0):
 garbage-first heap   total 51200K, used 40487K [0x0000000081e00000, 0x0000000100000000)
  region size 1024K, 17 young (17408K), 3 survivors (3072K)
 Metaspace       used 58287K, committed 58880K, reserved 1105920K
  class space    used 8277K, committed 8576K, reserved 1048576K
}
Event: 434.312 GC heap after
{Heap after GC invocations=17 (full 0):
 garbage-first heap   total 51200K, used 27079K [0x0000000081e00000, 0x0000000100000000)
  region size 1024K, 2 young (2048K), 2 survivors (2048K)
 Metaspace       used 58287K, committed 58880K, reserved 1105920K
  class space    used 8277K, committed 8576K, reserved 1048576K
}
Event: 1639.647 GC heap before
{Heap before GC invocations=17 (full 0):
 garbage-first heap   total 51200K, used 41415K [0x0000000081e00000, 0x0000000100000000)
  region size 1024K, 16 young (16384K), 2 survivors (2048K)
 Metaspace       used 58287K, committed 58880K, reserved 1105920K
  class space    used 8277K, committed 8576K, reserved 1048576K
}
Event: 1639.681 GC heap after
{Heap after GC invocations=18 (full 0):
 garbage-first heap   total 51200K, used 26791K [0x0000000081e00000, 0x0000000100000000)
  region size 1024K, 1 young (1024K), 1 survivors (1024K)
 Metaspace       used 58287K, committed 58880K, reserved 1105920K
  class space    used 8277K, committed 8576K, reserved 1048576K
}
Event: 2138.118 GC heap before
{Heap before GC invocations=19 (full 0):
 garbage-first heap   total 51200K, used 42151K [0x0000000081e00000, 0x0000000100000000)
  region size 1024K, 16 young (16384K), 1 survivors (1024K)
 Metaspace       used 58039K, committed 58880K, reserved 1105920K
  class space    used 8219K, committed 8576K, reserved 1048576K
}
Event: 2138.135 GC heap after
{Heap after GC invocations=20 (full 0):
 garbage-first heap   total 51200K, used 27341K [0x0000000081e00000, 0x0000000100000000)
  region size 1024K, 2 young (2048K), 2 survivors (2048K)
 Metaspace       used 58039K, committed 58880K, reserved 1105920K
  class space    used 8219K, committed 8576K, reserved 1048576K
}
Event: 2223.815 GC heap before
{Heap before GC invocations=20 (full 0):
 garbage-first heap   total 51200K, used 28365K [0x0000000081e00000, 0x0000000100000000)
  region size 1024K, 3 young (3072K), 2 survivors (2048K)
 Metaspace       used 58039K, committed 58880K, reserved 1105920K
  class space    used 8219K, committed 8576K, reserved 1048576K
}
Event: 2223.866 GC heap after
{Heap after GC invocations=21 (full 0):
 garbage-first heap   total 51200K, used 25324K [0x0000000081e00000, 0x0000000100000000)
  region size 1024K, 1 young (1024K), 1 survivors (1024K)
 Metaspace       used 58039K, committed 58880K, reserved 1105920K
  class space    used 8219K, committed 8576K, reserved 1048576K
}
Event: 2309.919 GC heap before
{Heap before GC invocations=21 (full 0):
 garbage-first heap   total 51200K, used 26348K [0x0000000081e00000, 0x0000000100000000)
  region size 1024K, 2 young (2048K), 1 survivors (1024K)
 Metaspace       used 58039K, committed 58880K, reserved 1105920K
  class space    used 8219K, committed 8576K, reserved 1048576K
}
Event: 2309.925 GC heap after
{Heap after GC invocations=22 (full 0):
 garbage-first heap   total 51200K, used 25231K [0x0000000081e00000, 0x0000000100000000)
  region size 1024K, 1 young (1024K), 1 survivors (1024K)
 Metaspace       used 58039K, committed 58880K, reserved 1105920K
  class space    used 8219K, committed 8576K, reserved 1048576K
}
Event: 3556.754 GC heap before
{Heap before GC invocations=22 (full 0):
 garbage-first heap   total 51200K, used 41615K [0x0000000081e00000, 0x0000000100000000)
  region size 1024K, 17 young (17408K), 1 survivors (1024K)
 Metaspace       used 58039K, committed 58880K, reserved 1105920K
  class space    used 8219K, committed 8576K, reserved 1048576K
}
Event: 3556.768 GC heap after
{Heap after GC invocations=23 (full 0):
 garbage-first heap   total 51200K, used 25313K [0x0000000081e00000, 0x0000000100000000)
  region size 1024K, 1 young (1024K), 1 survivors (1024K)
 Metaspace       used 58039K, committed 58880K, reserved 1105920K
  class space    used 8219K, committed 8576K, reserved 1048576K
}
Event: 4247.314 GC heap before
{Heap before GC invocations=24 (full 0):
 garbage-first heap   total 51200K, used 41697K [0x0000000081e00000, 0x0000000100000000)
  region size 1024K, 17 young (17408K), 1 survivors (1024K)
 Metaspace       used 58039K, committed 58880K, reserved 1105920K
  class space    used 8219K, committed 8576K, reserved 1048576K
}
Event: 4247.385 GC heap after
{Heap after GC invocations=25 (full 0):
 garbage-first heap   total 51200K, used 25895K [0x0000000081e00000, 0x0000000100000000)
  region size 1024K, 1 young (1024K), 1 survivors (1024K)
 Metaspace       used 58039K, committed 58880K, reserved 1105920K
  class space    used 8219K, committed 8576K, reserved 1048576K
}
Event: 4333.427 GC heap before
{Heap before GC invocations=25 (full 0):
 garbage-first heap   total 51200K, used 26919K [0x0000000081e00000, 0x0000000100000000)
  region size 1024K, 2 young (2048K), 1 survivors (1024K)
 Metaspace       used 58039K, committed 58880K, reserved 1105920K
  class space    used 8219K, committed 8576K, reserved 1048576K
}
Event: 4333.482 GC heap after
{Heap after GC invocations=26 (full 0):
 garbage-first heap   total 51200K, used 24514K [0x0000000081e00000, 0x0000000100000000)
  region size 1024K, 1 young (1024K), 1 survivors (1024K)
 Metaspace       used 58039K, committed 58880K, reserved 1105920K
  class space    used 8219K, committed 8576K, reserved 1048576K
}

Deoptimization events (20 events):
Event: 1.913 Thread 0x000002a5036b8340 DEOPT PACKING pc=0x000002a50ca865f5 sp=0x000000a7742fdaf0
Event: 1.913 Thread 0x000002a5036b8340 DEOPT UNPACKING pc=0x000002a50c772b43 sp=0x000000a7742fcf48 mode 3
Event: 3.550 Thread 0x000002a51855ad40 DEOPT PACKING pc=0x000002a50ccacb99 sp=0x000000a7762fce20
Event: 3.550 Thread 0x000002a51855ad40 DEOPT UNPACKING pc=0x000002a50c772b43 sp=0x000000a7762fc300 mode 3
Event: 3.989 Thread 0x000002a51855ad40 DEOPT PACKING pc=0x000002a50cd0b32d sp=0x000000a7762fe0e0
Event: 3.989 Thread 0x000002a51855ad40 DEOPT UNPACKING pc=0x000002a50c772b43 sp=0x000000a7762fd640 mode 3
Event: 9.032 Thread 0x000002a51855ad40 DEOPT PACKING pc=0x000002a50c9a231d sp=0x000000a7762fc210
Event: 9.032 Thread 0x000002a51855ad40 DEOPT UNPACKING pc=0x000002a50c772b43 sp=0x000000a7762fb778 mode 3
Event: 12.991 Thread 0x000002a51855ad40 DEOPT PACKING pc=0x000002a50c95303c sp=0x000000a7762fc070
Event: 12.991 Thread 0x000002a51855ad40 DEOPT UNPACKING pc=0x000002a50c772b43 sp=0x000000a7762fb4f0 mode 3
Event: 16.056 Thread 0x000002a51855ad40 DEOPT PACKING pc=0x000002a50ccdac01 sp=0x000000a7762fcd70
Event: 16.056 Thread 0x000002a51855ad40 DEOPT UNPACKING pc=0x000002a50c772b43 sp=0x000000a7762fc200 mode 3
Event: 16.056 Thread 0x000002a5185b7da0 DEOPT PACKING pc=0x000002a50cc5c517 sp=0x000000a7766fed50
Event: 16.056 Thread 0x000002a5185b7da0 DEOPT UNPACKING pc=0x000002a50c772b43 sp=0x000000a7766fe1a8 mode 3
Event: 20.545 Thread 0x000002a51855ad40 DEOPT PACKING pc=0x000002a50cf89c3c sp=0x000000a7762fc010
Event: 20.545 Thread 0x000002a51855ad40 DEOPT UNPACKING pc=0x000002a50c772b43 sp=0x000000a7762fb568 mode 0
Event: 20.828 Thread 0x000002a51855ad40 DEOPT PACKING pc=0x000002a50cce4c22 sp=0x000000a7762fd890
Event: 20.828 Thread 0x000002a51855ad40 DEOPT UNPACKING pc=0x000002a50c772b43 sp=0x000000a7762fcd98 mode 3
Event: 1789.040 Thread 0x000002a51ccb0cf0 DEOPT PACKING pc=0x000002a50cfcac63 sp=0x000000a7740fdde0
Event: 1789.040 Thread 0x000002a51ccb0cf0 DEOPT UNPACKING pc=0x000002a50c772b43 sp=0x000000a7740fd270 mode 3

Classes unloaded (20 events):
Event: 1639.800 Thread 0x000002a5175acb80 Unloading class 0x0000000800d48000 'java/lang/invoke/LambdaForm$MH+0x0000000800d48000'
Event: 1639.801 Thread 0x000002a5175acb80 Unloading class 0x0000000800cc0800 'jdk/internal/reflect/GeneratedSerializationConstructorAccessor3'
Event: 1639.801 Thread 0x000002a5175acb80 Unloading class 0x0000000800cc0400 'jdk/internal/reflect/GeneratedSerializationConstructorAccessor2'
Event: 1639.801 Thread 0x000002a5175acb80 Unloading class 0x0000000800cc0000 'jdk/internal/reflect/GeneratedSerializationConstructorAccessor1'
Event: 1639.801 Thread 0x000002a5175acb80 Unloading class 0x0000000800c09800 'java/lang/invoke/LambdaForm$DMH+0x0000000800c09800'
Event: 1639.801 Thread 0x000002a5175acb80 Unloading class 0x0000000800c08800 'java/lang/invoke/LambdaForm$DMH+0x0000000800c08800'
Event: 1639.801 Thread 0x000002a5175acb80 Unloading class 0x0000000800c07c00 'jdk/internal/reflect/GeneratedConstructorAccessor1'
Event: 1639.801 Thread 0x000002a5175acb80 Unloading class 0x0000000800c07400 'java/lang/invoke/LambdaForm$MH+0x0000000800c07400'
Event: 1639.801 Thread 0x000002a5175acb80 Unloading class 0x0000000800c07000 'java/lang/invoke/LambdaForm$MH+0x0000000800c07000'
Event: 1639.801 Thread 0x000002a5175acb80 Unloading class 0x0000000800c06c00 'java/lang/invoke/LambdaForm$MH+0x0000000800c06c00'
Event: 1639.801 Thread 0x000002a5175acb80 Unloading class 0x0000000800c06800 'java/lang/invoke/LambdaForm$MH+0x0000000800c06800'
Event: 1639.801 Thread 0x000002a5175acb80 Unloading class 0x0000000800c06400 'java/lang/invoke/LambdaForm$MH+0x0000000800c06400'
Event: 1639.801 Thread 0x000002a5175acb80 Unloading class 0x0000000800c06000 'java/lang/invoke/LambdaForm$MH+0x0000000800c06000'
Event: 1639.801 Thread 0x000002a5175acb80 Unloading class 0x0000000800c05000 'java/lang/invoke/LambdaForm$MH+0x0000000800c05000'
Event: 1639.801 Thread 0x000002a5175acb80 Unloading class 0x0000000800c04c00 'java/lang/invoke/LambdaForm$MH+0x0000000800c04c00'
Event: 1639.801 Thread 0x000002a5175acb80 Unloading class 0x0000000800c04400 'java/lang/invoke/LambdaForm$MH+0x0000000800c04400'
Event: 1639.801 Thread 0x000002a5175acb80 Unloading class 0x0000000800c03800 'java/lang/invoke/LambdaForm$MH+0x0000000800c03800'
Event: 1639.801 Thread 0x000002a5175acb80 Unloading class 0x0000000800c03000 'java/lang/invoke/LambdaForm$MH+0x0000000800c03000'
Event: 1639.801 Thread 0x000002a5175acb80 Unloading class 0x0000000800c02800 'java/lang/invoke/LambdaForm$MH+0x0000000800c02800'
Event: 1639.801 Thread 0x000002a5175acb80 Unloading class 0x0000000800c02000 'java/lang/invoke/LambdaForm$MH+0x0000000800c02000'

Classes redefined (0 events):
No events

Internal exceptions (20 events):
Event: 19.273 Thread 0x000002a51855ad40 Exception <a 'java/lang/NoSuchMethodError'{0x000000008460cb38}: 'java.lang.Object java.lang.invoke.Invokers$Holder.linkToTargetMethod(java.lang.Object, java.lang.Object, java.lang.Object, java.lang.Object, java.lang.Object, java.lang.Object, java.lang.Object, java.lang.Object, java.lang.Object, java.lang.Object, java.lang.Object)'> (0x000000008460cb38) 
thrown [t:\workspace\open\src\hotspot\share\interpreter\linkResolver.cpp, line 766]
Event: 19.361 Thread 0x000002a51855ad40 Exception <a 'java/lang/NoSuchMethodError'{0x0000000084418020}: 'java.lang.Object java.lang.invoke.DirectMethodHandle$Holder.newInvokeSpecial(java.lang.Object, java.lang.Object, java.lang.Object, java.lang.Object, java.lang.Object, java.lang.Object, java.lang.Object, int)'> (0x0000000084418020) 
thrown [t:\workspace\open\src\hotspot\share\interpreter\linkResolver.cpp, line 766]
Event: 19.361 Thread 0x000002a51855ad40 Exception <a 'java/lang/NoSuchMethodError'{0x000000008441d018}: 'java.lang.Object java.lang.invoke.DirectMethodHandle$Holder.invokeSpecial(java.lang.Object, java.lang.Object, java.lang.Object, java.lang.Object, java.lang.Object, java.lang.Object, java.lang.Object, java.lang.Object, int)'> (0x000000008441d018) 
thrown [t:\workspace\open\src\hotspot\share\interpreter\linkResolver.cpp, line 766]
Event: 19.389 Thread 0x000002a51855ad40 Exception <a 'java/lang/NoSuchMethodError'{0x0000000084314128}: 'void java.lang.invoke.DirectMethodHandle$Holder.invokeInterface(java.lang.Object, java.lang.Object)'> (0x0000000084314128) 
thrown [t:\workspace\open\src\hotspot\share\interpreter\linkResolver.cpp, line 766]
Event: 19.786 Thread 0x000002a51855ad40 Exception <a 'java/lang/IncompatibleClassChangeError'{0x0000000085c53d58}: Found class java.lang.Object, but interface was expected> (0x0000000085c53d58) 
thrown [t:\workspace\open\src\hotspot\share\interpreter\linkResolver.cpp, line 833]
Event: 19.803 Thread 0x000002a51855ad40 Exception <a 'java/lang/IncompatibleClassChangeError'{0x0000000085cd4158}: Found class java.lang.Object, but interface was expected> (0x0000000085cd4158) 
thrown [t:\workspace\open\src\hotspot\share\interpreter\linkResolver.cpp, line 833]
Event: 19.898 Thread 0x000002a51855ad40 Exception <a 'java/lang/IncompatibleClassChangeError'{0x0000000085a74350}: Found class java.lang.Object, but interface was expected> (0x0000000085a74350) 
thrown [t:\workspace\open\src\hotspot\share\interpreter\linkResolver.cpp, line 833]
Event: 20.648 Thread 0x000002a51855ad40 Exception <a 'java/lang/IncompatibleClassChangeError'{0x0000000084483d38}: Found class java.lang.Object, but interface was expected> (0x0000000084483d38) 
thrown [t:\workspace\open\src\hotspot\share\interpreter\linkResolver.cpp, line 833]
Event: 21.269 Thread 0x000002a51855ad40 Exception <a 'java/lang/NoSuchMethodError'{0x00000000847baaf8}: 'void java.lang.invoke.DirectMethodHandle$Holder.invokeVirtual(java.lang.Object, java.lang.Object, long)'> (0x00000000847baaf8) 
thrown [t:\workspace\open\src\hotspot\share\interpreter\linkResolver.cpp, line 766]
Event: 21.624 Thread 0x000002a51855ad40 Exception <a 'java/lang/IncompatibleClassChangeError'{0x0000000084001c58}: Found class java.lang.Object, but interface was expected> (0x0000000084001c58) 
thrown [t:\workspace\open\src\hotspot\share\interpreter\linkResolver.cpp, line 833]
Event: 22.179 Thread 0x000002a51855ad40 Exception <a 'java/lang/NoSuchMethodError'{0x000000008482ca30}: 'java.lang.Object java.lang.invoke.DirectMethodHandle$Holder.newInvokeSpecial(java.lang.Object, java.lang.Object, int, java.lang.Object, java.lang.Object)'> (0x000000008482ca30) 
thrown [t:\workspace\open\src\hotspot\share\interpreter\linkResolver.cpp, line 766]
Event: 22.181 Thread 0x000002a51855ad40 Exception <a 'java/lang/NoSuchMethodError'{0x00000000848380a8}: 'java.lang.Object java.lang.invoke.DirectMethodHandle$Holder.invokeSpecial(java.lang.Object, java.lang.Object, int, java.lang.Object, int, java.lang.Object)'> (0x00000000848380a8) 
thrown [t:\workspace\open\src\hotspot\share\interpreter\linkResolver.cpp, line 766]
Event: 22.182 Thread 0x000002a51855ad40 Exception <a 'java/lang/NoSuchMethodError'{0x0000000084840158}: 'java.lang.Object java.lang.invoke.DirectMethodHandle$Holder.newInvokeSpecial(java.lang.Object, java.lang.Object, int, java.lang.Object, int)'> (0x0000000084840158) 
thrown [t:\workspace\open\src\hotspot\share\interpreter\linkResolver.cpp, line 766]
Event: 22.183 Thread 0x000002a51855ad40 Exception <a 'java/lang/NoSuchMethodError'{0x0000000084844258}: 'java.lang.Object java.lang.invoke.DirectMethodHandle$Holder.invokeSpecial(java.lang.Object, java.lang.Object, java.lang.Object, int, java.lang.Object, int)'> (0x0000000084844258) 
thrown [t:\workspace\open\src\hotspot\share\interpreter\linkResolver.cpp, line 766]
Event: 1773.166 Thread 0x000002a51ccabff0 Exception <a 'java/lang/reflect/InvocationTargetException'{0x0000000085db3fb0}> (0x0000000085db3fb0) 
thrown [t:\workspace\open\src\hotspot\share\runtime\reflection.cpp, line 1121]
Event: 1775.768 Thread 0x000002a51ccabff0 Exception <a 'java/lang/reflect/InvocationTargetException'{0x0000000085c9be00}> (0x0000000085c9be00) 
thrown [t:\workspace\open\src\hotspot\share\runtime\reflection.cpp, line 1121]
Event: 1776.406 Thread 0x000002a51ccabff0 Exception <a 'java/lang/reflect/InvocationTargetException'{0x0000000085b7ee48}> (0x0000000085b7ee48) 
thrown [t:\workspace\open\src\hotspot\share\runtime\reflection.cpp, line 1121]
Event: 1786.549 Thread 0x000002a51ccb0cf0 Exception <a 'java/lang/reflect/InvocationTargetException'{0x0000000085aa0d00}> (0x0000000085aa0d00) 
thrown [t:\workspace\open\src\hotspot\share\runtime\reflection.cpp, line 1121]
Event: 1789.027 Thread 0x000002a51ccb0cf0 Exception <a 'java/lang/reflect/InvocationTargetException'{0x00000000859838f0}> (0x00000000859838f0) 
thrown [t:\workspace\open\src\hotspot\share\runtime\reflection.cpp, line 1121]
Event: 1797.088 Thread 0x000002a51ccb2030 Exception <a 'java/lang/reflect/InvocationTargetException'{0x00000000858a3c78}> (0x00000000858a3c78) 
thrown [t:\workspace\open\src\hotspot\share\runtime\reflection.cpp, line 1121]

VM Operations (20 events):
Event: 3556.903 Executing VM operation: G1Concurrent
Event: 3556.904 Executing VM operation: G1Concurrent done
Event: 3562.968 Executing VM operation: Cleanup
Event: 3562.968 Executing VM operation: Cleanup done
Event: 3584.171 Executing VM operation: Cleanup
Event: 3584.171 Executing VM operation: Cleanup done
Event: 3585.179 Executing VM operation: Cleanup
Event: 3585.179 Executing VM operation: Cleanup done
Event: 3591.235 Executing VM operation: Cleanup
Event: 3591.235 Executing VM operation: Cleanup done
Event: 3593.261 Executing VM operation: Cleanup
Event: 3593.261 Executing VM operation: Cleanup done
Event: 3596.297 Executing VM operation: Cleanup
Event: 3596.297 Executing VM operation: Cleanup done
Event: 3603.362 Executing VM operation: Cleanup
Event: 3603.362 Executing VM operation: Cleanup done
Event: 4247.309 Executing VM operation: G1CollectForAllocation
Event: 4247.385 Executing VM operation: G1CollectForAllocation done
Event: 4333.427 Executing VM operation: G1CollectForAllocation
Event: 4333.482 Executing VM operation: G1CollectForAllocation done

Events (20 events):
Event: 3590.259 Thread 0x000002a51ccb0cf0 Thread added: 0x000002a51ccb0cf0
Event: 3590.259 Thread 0x000002a51ccb2ea0 Thread added: 0x000002a51ccb2ea0
Event: 3600.645 Thread 0x000002a51ccb0cf0 Thread exited: 0x000002a51ccb0cf0
Event: 3600.692 Thread 0x000002a51ccb2ea0 Thread exited: 0x000002a51ccb2ea0
Event: 3603.116 Thread 0x000002a51ccafe80 Thread added: 0x000002a51ccafe80
Event: 3603.116 Thread 0x000002a51ccb2500 Thread added: 0x000002a51ccb2500
Event: 3608.262 Thread 0x000002a51ccafe80 Thread exited: 0x000002a51ccafe80
Event: 3608.309 Thread 0x000002a51ccb2500 Thread exited: 0x000002a51ccb2500
Event: 4488.574 loading class jdk/internal/misc/Signal$1
Event: 4488.629 loading class jdk/internal/misc/Signal$1 done
Event: 4488.630 Thread 0x000002a51ccae1a0 Thread added: 0x000002a51ccae1a0
Event: 4488.637 Thread 0x000002a51ccb0350 Thread added: 0x000002a51ccb0350
Event: 4488.637 Thread 0x000002a51ccb2ea0 Thread added: 0x000002a51ccb2ea0
Event: 4488.659 Thread 0x000002a51ccb2ea0 Thread exited: 0x000002a51ccb2ea0
Event: 4488.678 loading class java/util/WeakHashMap$KeyIterator
Event: 4488.808 loading class java/util/WeakHashMap$HashIterator
Event: 4488.876 loading class java/util/WeakHashMap$HashIterator done
Event: 4488.877 loading class java/util/WeakHashMap$KeyIterator done
Event: 4489.435 loading class java/util/Collections$ReverseComparator
Event: 4489.459 loading class java/util/Collections$ReverseComparator done


Dynamic libraries:
0x00007ff674280000 - 0x00007ff674290000 	C:\Program Files\Java\jdk-17.0.3.1\bin\java.exe
0x00007ff8bddb0000 - 0x00007ff8bdfc4000 	C:\WINDOWS\SYSTEM32\ntdll.dll
0x00007ff8bd8d0000 - 0x00007ff8bd992000 	C:\WINDOWS\System32\KERNEL32.DLL
0x00007ff8bb530000 - 0x00007ff8bb8d3000 	C:\WINDOWS\System32\KERNELBASE.dll
0x00007ff8bba00000 - 0x00007ff8bbb11000 	C:\WINDOWS\System32\ucrtbase.dll
0x00007ff8aaeb0000 - 0x00007ff8aaeca000 	C:\Program Files\Java\jdk-17.0.3.1\bin\VCRUNTIME140.dll
0x00007ff8aaf50000 - 0x00007ff8aaf68000 	C:\Program Files\Java\jdk-17.0.3.1\bin\jli.dll
0x00007ff8bc090000 - 0x00007ff8bc13e000 	C:\WINDOWS\System32\ADVAPI32.dll
0x00007ff8bd650000 - 0x00007ff8bd6f7000 	C:\WINDOWS\System32\msvcrt.dll
0x00007ff8bcbc0000 - 0x00007ff8bcc64000 	C:\WINDOWS\System32\sechost.dll
0x00007ff8bdc50000 - 0x00007ff8bdd67000 	C:\WINDOWS\System32\RPCRT4.dll
0x00007ff8bc670000 - 0x00007ff8bc81b000 	C:\WINDOWS\System32\USER32.dll
0x00007ff8bb480000 - 0x00007ff8bb4a6000 	C:\WINDOWS\System32\win32u.dll
0x00007ff8ad8e0000 - 0x00007ff8adb6e000 	C:\WINDOWS\WinSxS\amd64_microsoft.windows.common-controls_6595b64144ccf1df_6.0.22621.1635_none_270f70857386168e\COMCTL32.dll
0x00007ff8bc140000 - 0x00007ff8bc169000 	C:\WINDOWS\System32\GDI32.dll
0x00007ff8bb8e0000 - 0x00007ff8bb9f9000 	C:\WINDOWS\System32\gdi32full.dll
0x00007ff8bb3e0000 - 0x00007ff8bb47a000 	C:\WINDOWS\System32\msvcp_win.dll
0x00007ff8b1780000 - 0x00007ff8b178a000 	C:\WINDOWS\SYSTEM32\VERSION.dll
0x00007ff8bd590000 - 0x00007ff8bd5c1000 	C:\WINDOWS\System32\IMM32.DLL
0x00007ff8b48a0000 - 0x00007ff8b48ac000 	C:\Program Files\Java\jdk-17.0.3.1\bin\vcruntime140_1.dll
0x00007ff88dce0000 - 0x00007ff88dd6d000 	C:\Program Files\Java\jdk-17.0.3.1\bin\msvcp140.dll
0x00007ff865c70000 - 0x00007ff866830000 	C:\Program Files\Java\jdk-17.0.3.1\bin\server\jvm.dll
0x00007ff8bcb50000 - 0x00007ff8bcb58000 	C:\WINDOWS\System32\PSAPI.DLL
0x00007ff8b4fc0000 - 0x00007ff8b4fc9000 	C:\WINDOWS\SYSTEM32\WSOCK32.dll
0x00007ff8b12b0000 - 0x00007ff8b12e4000 	C:\WINDOWS\SYSTEM32\WINMM.dll
0x00007ff8bd5d0000 - 0x00007ff8bd641000 	C:\WINDOWS\System32\WS2_32.dll
0x00007ff8ba200000 - 0x00007ff8ba218000 	C:\WINDOWS\SYSTEM32\kernel.appcore.dll
0x00007ff8b25f0000 - 0x00007ff8b25fa000 	C:\Program Files\Java\jdk-17.0.3.1\bin\jimage.dll
0x00007ff8b5b40000 - 0x00007ff8b5d6e000 	C:\WINDOWS\SYSTEM32\DBGHELP.DLL
0x00007ff8bbc40000 - 0x00007ff8bbfc9000 	C:\WINDOWS\System32\combase.dll
0x00007ff8bd4b0000 - 0x00007ff8bd587000 	C:\WINDOWS\System32\OLEAUT32.dll
0x00007ff8a0010000 - 0x00007ff8a0042000 	C:\WINDOWS\SYSTEM32\dbgcore.DLL
0x00007ff8bb4b0000 - 0x00007ff8bb52b000 	C:\WINDOWS\System32\bcryptPrimitives.dll
0x00007ff8b4890000 - 0x00007ff8b489e000 	C:\Program Files\Java\jdk-17.0.3.1\bin\instrument.dll
0x00007ff8aadb0000 - 0x00007ff8aadd5000 	C:\Program Files\Java\jdk-17.0.3.1\bin\java.dll
0x00007ff88afb0000 - 0x00007ff88b086000 	C:\Program Files\Java\jdk-17.0.3.1\bin\jsvml.dll
0x00007ff8bccb0000 - 0x00007ff8bd4aa000 	C:\WINDOWS\System32\SHELL32.dll
0x00007ff8b91b0000 - 0x00007ff8b9a7e000 	C:\WINDOWS\SYSTEM32\windows.storage.dll
0x00007ff8b9070000 - 0x00007ff8b91ae000 	C:\WINDOWS\SYSTEM32\wintypes.dll
0x00007ff8bc820000 - 0x00007ff8bc911000 	C:\WINDOWS\System32\SHCORE.dll
0x00007ff8bcb60000 - 0x00007ff8bcbbe000 	C:\WINDOWS\System32\shlwapi.dll
0x00007ff8bb0e0000 - 0x00007ff8bb101000 	C:\WINDOWS\SYSTEM32\profapi.dll
0x00007ff8a89e0000 - 0x00007ff8a89f8000 	C:\Program Files\Java\jdk-17.0.3.1\bin\zip.dll
0x00007ff8aab60000 - 0x00007ff8aab79000 	C:\Program Files\Java\jdk-17.0.3.1\bin\net.dll
0x00007ff8b1600000 - 0x00007ff8b1737000 	C:\WINDOWS\SYSTEM32\WINHTTP.dll
0x00007ff8ba760000 - 0x00007ff8ba7c9000 	C:\WINDOWS\system32\mswsock.dll
0x00007ff8aa760000 - 0x00007ff8aa776000 	C:\Program Files\Java\jdk-17.0.3.1\bin\nio.dll
0x00007ff8a7db0000 - 0x00007ff8a7dca000 	C:\Program Files\JetBrains\IntelliJ IDEA 2023.1.3\bin\breakgen64.dll
0x00007ff8b9d50000 - 0x00007ff8b9e43000 	C:\WINDOWS\SYSTEM32\DNSAPI.dll
0x00007ff8b9d20000 - 0x00007ff8b9d4d000 	C:\WINDOWS\SYSTEM32\IPHLPAPI.DLL
0x00007ff8bcb40000 - 0x00007ff8bcb49000 	C:\WINDOWS\System32\NSI.dll
0x00007ff8afee0000 - 0x00007ff8afeea000 	C:\Windows\System32\rasadhlp.dll
0x00007ff8b0600000 - 0x00007ff8b0684000 	C:\WINDOWS\System32\fwpuclnt.dll
0x00007ff8b4880000 - 0x00007ff8b4889000 	C:\Program Files\Java\jdk-17.0.3.1\bin\management.dll
0x00007ff8aae40000 - 0x00007ff8aae4b000 	C:\Program Files\Java\jdk-17.0.3.1\bin\management_ext.dll
0x00007ff8ba9c0000 - 0x00007ff8ba9db000 	C:\WINDOWS\SYSTEM32\CRYPTSP.dll
0x00007ff8ba170000 - 0x00007ff8ba1a5000 	C:\WINDOWS\system32\rsaenh.dll
0x00007ff8ba860000 - 0x00007ff8ba888000 	C:\WINDOWS\SYSTEM32\USERENV.dll
0x00007ff8bab60000 - 0x00007ff8bab88000 	C:\WINDOWS\SYSTEM32\bcrypt.dll
0x00007ff8ba9e0000 - 0x00007ff8ba9ec000 	C:\WINDOWS\SYSTEM32\CRYPTBASE.dll
0x00007ff8b1790000 - 0x00007ff8b17a9000 	C:\WINDOWS\SYSTEM32\dhcpcsvc6.DLL
0x00007ff8b11d0000 - 0x00007ff8b11ef000 	C:\WINDOWS\SYSTEM32\dhcpcsvc.DLL
0x00007ff8b2d50000 - 0x00007ff8b2d67000 	C:\WINDOWS\system32\napinsp.dll
0x00007ff88f420000 - 0x00007ff88f43b000 	C:\WINDOWS\system32\pnrpnsp.dll
0x00007ff88b170000 - 0x00007ff88b181000 	C:\WINDOWS\System32\winrnr.dll
0x00007ff880fd0000 - 0x00007ff880fe5000 	C:\WINDOWS\system32\wshbth.dll
0x00007ff87cca0000 - 0x00007ff87ccc1000 	C:\WINDOWS\system32\nlansp_c.dll
0x00007ff8aae30000 - 0x00007ff8aae3e000 	C:\Program Files\Java\jdk-17.0.3.1\bin\sunmscapi.dll
0x00007ff8bb270000 - 0x00007ff8bb3d7000 	C:\WINDOWS\System32\CRYPT32.dll
0x00007ff8bab30000 - 0x00007ff8bab5e000 	C:\WINDOWS\SYSTEM32\ncrypt.dll
0x00007ff8baaf0000 - 0x00007ff8bab27000 	C:\WINDOWS\SYSTEM32\NTASN1.dll
0x00007ff8a89d0000 - 0x00007ff8a89e0000 	C:\Program Files\Java\jdk-17.0.3.1\bin\verify.dll
0x00007ff8b4790000 - 0x00007ff8b4798000 	C:\WINDOWS\system32\wshunix.dll

dbghelp: loaded successfully - version: 4.0.5 - missing functions: none
symbol engine: initialized successfully - sym options: 0x614 - pdb path: .;C:\Program Files\Java\jdk-17.0.3.1\bin;C:\WINDOWS\SYSTEM32;C:\WINDOWS\WinSxS\amd64_microsoft.windows.common-controls_6595b64144ccf1df_6.0.22621.1635_none_270f70857386168e;C:\Program Files\Java\jdk-17.0.3.1\bin\server;C:\Program Files\JetBrains\IntelliJ IDEA 2023.1.3\bin

VM Arguments:
jvm_args: -XX:TieredStopAtLevel=1 -Dspring.output.ansi.enabled=always -Dcom.sun.management.jmxremote -Dspring.jmx.enabled=true -Dspring.liveBeansView.mbeanDomain -Dspring.application.admin.enabled=true -Dmanagement.endpoints.jmx.exposure.include=* -javaagent:C:\Program Files\JetBrains\IntelliJ IDEA 2023.1.3\lib\idea_rt.jar=57781:C:\Program Files\JetBrains\IntelliJ IDEA 2023.1.3\bin -Dfile.encoding=UTF-8 
java_command: com.example.salonmanage.SemoconectApplication
java_class_path (initial): C:\Users\hongp\Documents\salonManage\target\classes;C:\Users\hongp\.m2\repository\org\springframework\boot\spring-boot-starter-web\3.1.1\spring-boot-starter-web-3.1.1.jar;C:\Users\hongp\.m2\repository\org\springframework\boot\spring-boot-starter\3.1.1\spring-boot-starter-3.1.1.jar;C:\Users\hongp\.m2\repository\org\springframework\boot\spring-boot-starter-logging\3.1.1\spring-boot-starter-logging-3.1.1.jar;C:\Users\hongp\.m2\repository\ch\qos\logback\logback-classic\1.4.8\logback-classic-1.4.8.jar;C:\Users\hongp\.m2\repository\ch\qos\logback\logback-core\1.4.8\logback-core-1.4.8.jar;C:\Users\hongp\.m2\repository\org\apache\logging\log4j\log4j-to-slf4j\2.20.0\log4j-to-slf4j-2.20.0.jar;C:\Users\hongp\.m2\repository\org\apache\logging\log4j\log4j-api\2.20.0\log4j-api-2.20.0.jar;C:\Users\hongp\.m2\repository\org\slf4j\jul-to-slf4j\2.0.7\jul-to-slf4j-2.0.7.jar;C:\Users\hongp\.m2\repository\jakarta\annotation\jakarta.annotation-api\2.1.1\jakarta.annotation-api-2.1.1.jar;C:\Users\hongp\.m2\repository\org\yaml\snakeyaml\1.33\snakeyaml-1.33.jar;C:\Users\hongp\.m2\repository\org\springframework\boot\spring-boot-starter-json\3.1.1\spring-boot-starter-json-3.1.1.jar;C:\Users\hongp\.m2\repository\com\fasterxml\jackson\core\jackson-databind\2.15.2\jackson-databind-2.15.2.jar;C:\Users\hongp\.m2\repository\com\fasterxml\jackson\core\jackson-annotations\2.15.2\jackson-annotations-2.15.2.jar;C:\Users\hongp\.m2\repository\com\fasterxml\jackson\core\jackson-core\2.15.2\jackson-core-2.15.2.jar;C:\Users\hongp\.m2\repository\com\fasterxml\jackson\datatype\jackson-datatype-jdk8\2.15.2\jackson-datatype-jdk8-2.15.2.jar;C:\Users\hongp\.m2\repository\com\fasterxml\jackson\datatype\jackson-datatype-jsr310\2.15.2\jackson-datatype-jsr310-2.15.2.jar;C:\Users\hongp\.m2\repository\com\fasterxml\jackson\module\jackson-module-parameter-names\2.15.2\jackson-module-parameter-names-2.15.2.jar;C:\Users\hongp\.m2\repository\org\springframework\boot\spring-boot-starter-tomcat\3.1
Launcher Type: SUN_STANDARD

[Global flags]
     intx CICompilerCount                          = 4                                         {product} {ergonomic}
     uint ConcGCThreads                            = 2                                         {product} {ergonomic}
     uint G1ConcRefinementThreads                  = 8                                         {product} {ergonomic}
   size_t G1HeapRegionSize                         = 1048576                                   {product} {ergonomic}
    uintx GCDrainStackTargetSize                   = 64                                        {product} {ergonomic}
   size_t InitialHeapSize                          = 134217728                                 {product} {ergonomic}
     bool ManagementServer                         = true                                      {product} {command line}
   size_t MarkStackSize                            = 4194304                                   {product} {ergonomic}
   size_t MaxHeapSize                              = 2116026368                                {product} {ergonomic}
   size_t MaxNewSize                               = 1268776960                                {product} {ergonomic}
   size_t MinHeapDeltaBytes                        = 1048576                                   {product} {ergonomic}
   size_t MinHeapSize                              = 8388608                                   {product} {ergonomic}
    uintx NonProfiledCodeHeapSize                  = 0                                      {pd product} {ergonomic}
     bool ProfileInterpreter                       = false                                  {pd product} {command line}
    uintx ProfiledCodeHeapSize                     = 0                                      {pd product} {ergonomic}
   size_t SoftMaxHeapSize                          = 2116026368                             {manageable} {ergonomic}
     intx TieredStopAtLevel                        = 1                                         {product} {command line}
     bool UseCompressedClassPointers               = true                           {product lp64_product} {ergonomic}
     bool UseCompressedOops                        = true                           {product lp64_product} {ergonomic}
     bool UseG1GC                                  = true                                      {product} {ergonomic}
     bool UseLargePagesIndividualAllocation        = false                                  {pd product} {ergonomic}

Logging:
Log output configuration:
 #0: stdout all=warning uptime,level,tags
 #1: stderr all=off uptime,level,tags

Environment Variables:
JAVA_HOME=C:\Program Files\Java\jdk1.8.0_111
PATH=C:\WINDOWS\system32;C:\WINDOWS;C:\WINDOWS\System32\Wbem;C:\WINDOWS\System32\WindowsPowerShell\v1.0\;C:\WINDOWS\System32\OpenSSH\;C:\Program Files\Microsoft SQL Server\Client SDK\ODBC\170\Tools\Binn\;C:\Program Files (x86)\Microsoft SQL Server\150\Tools\Binn\;C:\Program Files\Microsoft SQL Server\150\Tools\Binn\;C:\Program Files\Microsoft SQL Server\150\DTS\Binn\;C:\Program Files\Azure Data Studio\bin;C:\Program Files\nodejs\;C:\Program Files\Git\cmd;C:\Program Files (x86)\Microsoft SQL Server\150\DTS\Binn\;C:\Users\hongp\AppData\Local\Microsoft\WindowsApps;C:\Users\hongp\AppData\Local\Programs\Microsoft VS Code\bin;C:\Program Files\Azure Data Studio\bin;C:\Program Files\Java\jdk1.8.0_111\bin;C:\Users\hongp\AppData\Roaming\npm
USERNAME=hongp
OS=Windows_NT
PROCESSOR_IDENTIFIER=Intel64 Family 6 Model 142 Stepping 10, GenuineIntel



---------------  S Y S T E M  ---------------

OS:
 Windows 11 , 64 bit Build 22621 (10.0.22621.1778)
OS uptime: 0 days 3:23 hours

CPU: total 8 (initial active 8) (4 cores per cpu, 2 threads per core) family 6 model 142 stepping 10 microcode 0xe0, cx8, cmov, fxsr, ht, mmx, 3dnowpref, sse, sse2, sse3, ssse3, sse4.1, sse4.2, popcnt, lzcnt, tsc, tscinvbit, avx, avx2, aes, erms, clmul, bmi1, bmi2, adx, fma, vzeroupper, clflush, clflushopt

Memory: 4k page, system-wide physical 8070M (1305M free)
TotalPageFile size 15829M (AvailPageFile size 3158M)
current process WorkingSet (physical memory assigned to process): 79M, peak: 180M
current process commit charge ("private bytes"): 221M, peak: 247M

vm_info: Java HotSpot(TM) 64-Bit Server VM (17.0.3.1+2-LTS-6) for windows-amd64 JRE (17.0.3.1+2-LTS-6), built on Apr 25 2022 22:04:21 by "mach5one" with MS VC++ 16.8 / 16.9 (VS2019)

END.
